have_header: checking for CommonCrypto/CommonDigest.h... -------------------- no

LD_LIBRARY_PATH=.:../../.. "gcc -I../../../.ext/include/x86_64-linux -I../../.././include -I../../.././ext/digest/sha1    -O3 -fno-fast-math -ggdb3 -Wall -Wextra -Wdeprecated-declarations -Wdiv-by-zero -Wduplicated-cond -Wimplicit-function-declaration -Wimplicit-int -Wmisleading-indentation -Wpointer-arith -Wwrite-strings -Wold-style-definition -Wimplicit-fallthrough=0 -Wmissing-noreturn -Wno-cast-function-type -Wno-constant-logical-operand -Wno-long-long -Wno-missing-field-initializers -Wno-overlength-strings -Wno-packed-bitfield-compat -Wno-parentheses-equality -Wno-self-assign -Wno-tautological-compare -Wno-unused-parameter -Wno-unused-value -Wsuggest-attribute=format -Wsuggest-attribute=noreturn -Wunused-variable -Wundef   -c conftest.c"
conftest.c:3:10: fatal error: CommonCrypto/CommonDigest.h: No such file or directory
    3 | #include <CommonCrypto/CommonDigest.h>
      |          ^~~~~~~~~~~~~~~~~~~~~~~~~~~~~
compilation terminated.
checked program was:
/* begin */
1: #include "ruby.h"
2: 
3: #include <CommonCrypto/CommonDigest.h>
/* end */

--------------------

have_header: checking for sys/cdefs.h... -------------------- yes

LD_LIBRARY_PATH=.:../../.. "gcc -I../../../.ext/include/x86_64-linux -I../../.././include -I../../.././ext/digest/sha1    -O3 -fno-fast-math -ggdb3 -Wall -Wextra -Wdeprecated-declarations -Wdiv-by-zero -Wduplicated-cond -Wimplicit-function-declaration -Wimplicit-int -Wmisleading-indentation -Wpointer-arith -Wwrite-strings -Wold-style-definition -Wimplicit-fallthrough=0 -Wmissing-noreturn -Wno-cast-function-type -Wno-constant-logical-operand -Wno-long-long -Wno-missing-field-initializers -Wno-overlength-strings -Wno-packed-bitfield-compat -Wno-parentheses-equality -Wno-self-assign -Wno-tautological-compare -Wno-unused-parameter -Wno-unused-value -Wsuggest-attribute=format -Wsuggest-attribute=noreturn -Wunused-variable -Wundef   -c conftest.c"
checked program was:
/* begin */
1: #include "ruby.h"
2: 
3: #include <sys/cdefs.h>
/* end */

--------------------

extconf.h is:
/* begin */
1: #ifndef EXTCONF_H
2: #define EXTCONF_H
3: #define HAVE_SYS_CDEFS_H 1
4: #endif
/* end */

